[2020-04-13 19:56:39] New user registered: 'test'
[2020-04-13 19:56:39] User login: 'test'
[2020-04-13 19:57:46] New user registered: 'test02'
[2020-04-13 19:57:46] User login: 'test02'
[2020-04-13 19:59:55] New user registered: 'test03'
[2020-04-13 19:59:55] User login: 'test03'
[2020-04-13 20:02:31] New user registered: 'test04'
[2020-04-13 20:02:31] User login: 'test04'
[2020-04-13 20:05:28] New user registered: 'lolo'
[2020-04-13 20:05:28] User login: 'lolo'
[2020-04-13 20:09:15] New user registered: 'test06'
[2020-04-13 20:09:15] User login: 'test06'
[2020-04-13 20:14:36] New user registered: 'test07'
[2020-04-13 20:14:36] User login: 'test07'
[2020-04-14 12:52:13] User login: 'vokulakov'
[2020-04-14 12:58:14] New user registered: 'vokulakov'
[2020-04-14 12:58:14] User login: 'vokulakov'
[2020-04-14 14:02:05] User login: 'vokulakov'
[2020-04-14 16:22:59] User login: 'vokulakov'
[2020-04-14 16:28:08] User login: 'vokulakov'
[2020-04-14 16:31:06] User login: 'vokulakov'
[2020-04-16 00:53:28] User login: 'vokulakov'
